[2022-04-29 10:19:18.529] [exthost] [info] Extension host with pid 14608 started
[2022-04-29 10:19:18.660] [exthost] [info] ExtensionService#_doActivateExtension vscode.debug-auto-launch, startup: true, activationEvent: '*'
[2022-04-29 10:19:18.670] [exthost] [info] ExtensionService#_doActivateExtension vscode.git-base, startup: true, activationEvent: '*', root cause: vscode.git
[2022-04-29 10:19:18.675] [exthost] [info] ExtensionService#_doActivateExtension vscode.ipynb, startup: true, activationEvent: '*'
[2022-04-29 10:19:18.723] [exthost] [info] ExtensionService#_doActivateExtension vscode.git, startup: true, activationEvent: '*'
[2022-04-29 10:19:18.839] [exthost] [info] ExtensionService#_doActivateExtension vscode.github, startup: true, activationEvent: '*'
[2022-04-29 10:19:18.998] [exthost] [info] Eager extensions activated
[2022-04-29 10:19:19.128] [exthost] [info] ExtensionService#_doActivateExtension vscode.emmet, startup: false, activationEvent: 'onStartupFinished'
[2022-04-29 10:19:19.158] [exthost] [info] ExtensionService#_doActivateExtension vscode.merge-conflict, startup: false, activationEvent: 'onStartupFinished'
[2022-04-29 10:19:26.647] [exthost] [info] extension host terminating: renderer closed the socket
[2022-04-29 10:19:26.657] [exthost] [info] Extension host with pid 14608 exiting with code 0
[2022-04-29 10:19:28.703] [exthost] [info] Extension host with pid 14705 started
[2022-04-29 10:19:28.703] [exthost] [info] Skipping acquiring lock for /root/hpcc-bitcoin/blockchain-graph-analysis/python-bitcoin-blockchain-parser/~/.vscode-root/User/workspaceStorage/81698db7fed5f681ec023972e49c6668.
[2022-04-29 10:19:28.791] [exthost] [info] ExtensionService#_doActivateExtension vscode.debug-auto-launch, startup: true, activationEvent: '*'
[2022-04-29 10:19:28.799] [exthost] [info] ExtensionService#_doActivateExtension vscode.git-base, startup: true, activationEvent: '*'
[2022-04-29 10:19:28.806] [exthost] [info] ExtensionService#_doActivateExtension vscode.ipynb, startup: true, activationEvent: '*'
[2022-04-29 10:19:28.845] [exthost] [info] ExtensionService#_doActivateExtension vscode.github, startup: true, activationEvent: '*'
[2022-04-29 10:19:28.868] [exthost] [info] Eager extensions activated
[2022-04-29 10:19:28.871] [exthost] [info] ExtensionService#_doActivateExtension vscode.emmet, startup: false, activationEvent: 'onStartupFinished'
[2022-04-29 10:19:28.901] [exthost] [info] ExtensionService#_doActivateExtension vscode.merge-conflict, startup: false, activationEvent: 'onStartupFinished'
[2022-04-29 10:19:31.278] [exthost] [info] ExtensionService#_doActivateExtension vscode.git, startup: false, activationEvent: 'api', root cause: vscode.github
[2022-04-30 14:03:55.377] [exthost] [info] extension host terminating: renderer closed the socket
[2022-04-30 14:03:55.422] [exthost] [info] Extension host with pid 14705 exiting with code 0
