[2022-04-29 10:19:14.945] [main] [info] window#load: attempt to load window (id: 1)
[2022-04-29 10:19:14.962] [main] [info] update#setState idle
[2022-04-29 10:19:15.005] [main] [info] ExtensionHostStarterWorker created
[2022-04-29 10:19:17.054] [main] [info] window#load: window reported ready (id: 1)
[2022-04-29 10:19:17.430] [main] [info] Starting extension host with pid 14608 (fork() took 23 ms).
[2022-04-29 10:19:17.434] [main] [info] ExtensionHostStarterWorker.start() took 28 ms.
[2022-04-29 10:19:26.647] [main] [info] window#load: attempt to load window (id: 1)
[2022-04-29 10:19:26.677] [main] [info] Extension host with pid 14608 exited with code: 0, signal: null.
[2022-04-29 10:19:27.513] [main] [info] window#load: window reported ready (id: 1)
[2022-04-29 10:19:28.000] [main] [info] Starting extension host with pid 14705 (fork() took 20 ms).
[2022-04-29 10:19:28.001] [main] [info] ExtensionHostStarterWorker.start() took 24 ms.
[2022-04-29 10:19:44.965] [main] [info] update#setState checking for updates
[2022-04-29 10:19:45.019] [main] [info] update#setState idle
[2022-04-29 11:19:44.998] [main] [info] update#setState checking for updates
[2022-04-29 11:19:45.232] [main] [info] update#setState idle
[2022-04-29 12:19:45.102] [main] [info] update#setState checking for updates
[2022-04-29 12:19:45.342] [main] [info] update#setState idle
[2022-04-29 13:19:45.109] [main] [info] update#setState checking for updates
[2022-04-29 13:19:45.363] [main] [info] update#setState idle
[2022-04-29 14:19:45.161] [main] [info] update#setState checking for updates
[2022-04-29 14:19:45.402] [main] [info] update#setState idle
[2022-04-29 15:19:45.268] [main] [info] update#setState checking for updates
[2022-04-29 15:19:45.520] [main] [info] update#setState idle
[2022-04-29 15:30:31.046] [main] [info] Enabling inspect port on extension host with pid 14705.
[2022-04-29 15:30:31.046] [main] [info] Enabling inspect port on extension host with pid 14705.
[2022-04-29 16:19:45.371] [main] [info] update#setState checking for updates
[2022-04-29 16:19:45.610] [main] [info] update#setState idle
[2022-04-29 17:19:45.478] [main] [info] update#setState checking for updates
[2022-04-29 17:19:45.705] [main] [info] update#setState idle
[2022-04-29 18:19:45.580] [main] [info] update#setState checking for updates
[2022-04-29 18:19:45.823] [main] [info] update#setState idle
[2022-04-29 19:19:45.684] [main] [info] update#setState checking for updates
[2022-04-29 19:19:45.911] [main] [info] update#setState idle
[2022-04-29 20:19:45.741] [main] [info] update#setState checking for updates
[2022-04-29 20:19:45.975] [main] [info] update#setState idle
[2022-04-29 21:19:45.780] [main] [info] update#setState checking for updates
[2022-04-29 21:19:46.019] [main] [info] update#setState idle
[2022-04-29 22:19:45.808] [main] [info] update#setState checking for updates
[2022-04-29 22:19:46.039] [main] [info] update#setState idle
[2022-04-29 23:19:45.888] [main] [info] update#setState checking for updates
[2022-04-29 23:19:46.130] [main] [info] update#setState idle
[2022-04-30 00:19:45.942] [main] [info] update#setState checking for updates
[2022-04-30 00:19:46.173] [main] [info] update#setState idle
[2022-04-30 01:19:46.044] [main] [info] update#setState checking for updates
[2022-04-30 01:19:46.279] [main] [info] update#setState idle
[2022-04-30 02:19:46.128] [main] [info] update#setState checking for updates
[2022-04-30 02:19:46.368] [main] [info] update#setState idle
[2022-04-30 03:19:46.230] [main] [info] update#setState checking for updates
[2022-04-30 03:19:46.476] [main] [info] update#setState idle
[2022-04-30 04:19:46.290] [main] [info] update#setState checking for updates
[2022-04-30 04:19:46.570] [main] [info] update#setState idle
[2022-04-30 05:19:46.392] [main] [info] update#setState checking for updates
[2022-04-30 05:19:46.619] [main] [info] update#setState idle
[2022-04-30 06:19:46.403] [main] [info] update#setState checking for updates
[2022-04-30 06:19:46.660] [main] [info] update#setState idle
[2022-04-30 07:19:46.506] [main] [info] update#setState checking for updates
[2022-04-30 07:19:46.725] [main] [info] update#setState idle
[2022-04-30 08:19:46.510] [main] [info] update#setState checking for updates
[2022-04-30 08:19:46.806] [main] [info] update#setState idle
[2022-04-30 09:19:46.611] [main] [info] update#setState checking for updates
[2022-04-30 09:19:46.848] [main] [info] update#setState idle
[2022-04-30 10:19:46.670] [main] [info] update#setState checking for updates
[2022-04-30 10:19:46.910] [main] [info] update#setState idle
[2022-04-30 11:19:46.710] [main] [info] update#setState checking for updates
[2022-04-30 11:19:46.998] [main] [info] update#setState idle
[2022-04-30 12:19:46.798] [main] [info] update#setState checking for updates
[2022-04-30 12:19:47.017] [main] [info] update#setState idle
[2022-04-30 13:19:46.899] [main] [info] update#setState checking for updates
[2022-04-30 13:19:47.158] [main] [info] update#setState idle
[2022-04-30 14:03:16.731] [main] [error] CodeWindow: detected unresponsive
[2022-04-30 14:03:42.461] [main] [error] CodeWindow: detected unresponsive
[2022-04-30 14:03:55.016] [main] [info] Waiting for extension host with pid 14705 to exit.
[2022-04-30 14:03:55.793] [main] [info] Extension host with pid 14705 exited with code: 0, signal: null.
